Copyright 1986-2022 Xilinx, Inc. All Rights Reserved. Copyright 2022-2023 Advanced Micro Devices, Inc. All Rights Reserved.
------------------------------------------------------------------------------------------------------------------------------------------------------------------------------------------------------------------------------------------
| Tool Version : Vivado v.2023.2 (win64) Build 4029153 Fri Oct 13 20:14:34 MDT 2023
| Date         : Tue Nov 18 19:33:28 2025
| Host         : DESKTOP-IUAETUB running 64-bit major release  (build 9200)
| Command      : report_timing_summary -max_paths 10 -report_unconstrained -file top_basys3_alu4_timing_summary_routed.rpt -pb top_basys3_alu4_timing_summary_routed.pb -rpx top_basys3_alu4_timing_summary_routed.rpx -warn_on_violation
| Design       : top_basys3_alu4
| Device       : 7a35t-cpg236
| Speed File   : -1  PRODUCTION 1.23 2018-06-13
| Design State : Routed
------------------------------------------------------------------------------------------------------------------------------------------------------------------------------------------------------------------------------------------

Timing Summary Report

------------------------------------------------------------------------------------------------
| Timer Settings
| --------------
------------------------------------------------------------------------------------------------

  Enable Multi Corner Analysis               :  Yes
  Enable Pessimism Removal                   :  Yes
  Pessimism Removal Resolution               :  Nearest Common Node
  Enable Input Delay Default Clock           :  No
  Enable Preset / Clear Arcs                 :  No
  Disable Flight Delays                      :  No
  Ignore I/O Paths                           :  No
  Timing Early Launch at Borrowing Latches   :  No
  Borrow Time for Max Delay Exceptions       :  Yes
  Merge Timing Exceptions                    :  Yes
  Inter-SLR Compensation                     :  Conservative

  Corner  Analyze    Analyze    
  Name    Max Paths  Min Paths  
  ------  ---------  ---------  
  Slow    Yes        Yes        
  Fast    Yes        Yes        


------------------------------------------------------------------------------------------------
| Report Methodology
| ------------------
------------------------------------------------------------------------------------------------

No report available as report_methodology has not been run prior. Run report_methodology on the current design for the summary of methodology violations.



check_timing report

Table of Contents
-----------------
1. checking no_clock (0)
2. checking constant_clock (0)
3. checking pulse_width_clock (0)
4. checking unconstrained_internal_endpoints (0)
5. checking no_input_delay (0)
6. checking no_output_delay (0)
7. checking multiple_clock (0)
8. checking generated_clocks (0)
9. checking loops (0)
10. checking partial_input_delay (0)
11. checking partial_output_delay (0)
12. checking latch_loops (0)

1. checking no_clock (0)
------------------------
 There are 0 register/latch pins with no clock.


2. checking constant_clock (0)
------------------------------
 There are 0 register/latch pins with constant_clock.


3. checking pulse_width_clock (0)
---------------------------------
 There are 0 register/latch pins which need pulse_width check


4. checking unconstrained_internal_endpoints (0)
------------------------------------------------
 There are 0 pins that are not constrained for maximum delay.

 There are 0 pins that are not constrained for maximum delay due to constant clock.


5. checking no_input_delay (0)
------------------------------
 There are 0 input ports with no input delay specified.

 There are 0 input ports with no input delay but user has a false path constraint.


6. checking no_output_delay (0)
-------------------------------
 There are 0 ports with no output delay specified.

 There are 0 ports with no output delay but user has a false path constraint

 There are 0 ports with no output delay but with a timing clock defined on it or propagating through it


7. checking multiple_clock (0)
------------------------------
 There are 0 register/latch pins with multiple clocks.


8. checking generated_clocks (0)
--------------------------------
 There are 0 generated clocks that are not connected to a clock source.


9. checking loops (0)
---------------------
 There are 0 combinational loops in the design.


10. checking partial_input_delay (0)
------------------------------------
 There are 0 input ports with partial input delay specified.


11. checking partial_output_delay (0)
-------------------------------------
 There are 0 ports with partial output delay specified.


12. checking latch_loops (0)
----------------------------
 There are 0 combinational latch loops in the design through latch input



------------------------------------------------------------------------------------------------
| Design Timing Summary
| ---------------------
------------------------------------------------------------------------------------------------

    WNS(ns)      TNS(ns)  TNS Failing Endpoints  TNS Total Endpoints      WHS(ns)      THS(ns)  THS Failing Endpoints  THS Total Endpoints     WPWS(ns)     TPWS(ns)  TPWS Failing Endpoints  TPWS Total Endpoints  
    -------      -------  ---------------------  -------------------      -------      -------  ---------------------  -------------------     --------     --------  ----------------------  --------------------  
        inf        0.000                      0                   14          inf        0.000                      0                   14           NA           NA                      NA                    NA  


There are no user specified timing constraints.


------------------------------------------------------------------------------------------------
| Clock Summary
| -------------
------------------------------------------------------------------------------------------------


------------------------------------------------------------------------------------------------
| Intra Clock Table
| -----------------
------------------------------------------------------------------------------------------------

Clock             WNS(ns)      TNS(ns)  TNS Failing Endpoints  TNS Total Endpoints      WHS(ns)      THS(ns)  THS Failing Endpoints  THS Total Endpoints     WPWS(ns)     TPWS(ns)  TPWS Failing Endpoints  TPWS Total Endpoints  
-----             -------      -------  ---------------------  -------------------      -------      -------  ---------------------  -------------------     --------     --------  ----------------------  --------------------  


------------------------------------------------------------------------------------------------
| Inter Clock Table
| -----------------
------------------------------------------------------------------------------------------------

From Clock    To Clock          WNS(ns)      TNS(ns)  TNS Failing Endpoints  TNS Total Endpoints      WHS(ns)      THS(ns)  THS Failing Endpoints  THS Total Endpoints  
----------    --------          -------      -------  ---------------------  -------------------      -------      -------  ---------------------  -------------------  


------------------------------------------------------------------------------------------------
| Other Path Groups Table
| -----------------------
------------------------------------------------------------------------------------------------

Path Group    From Clock    To Clock          WNS(ns)      TNS(ns)  TNS Failing Endpoints  TNS Total Endpoints      WHS(ns)      THS(ns)  THS Failing Endpoints  THS Total Endpoints  
----------    ----------    --------          -------      -------  ---------------------  -------------------      -------      -------  ---------------------  -------------------  


------------------------------------------------------------------------------------------------
| User Ignored Path Table
| -----------------------
------------------------------------------------------------------------------------------------

Path Group    From Clock    To Clock    
----------    ----------    --------    


------------------------------------------------------------------------------------------------
| Unconstrained Path Table
| ------------------------
------------------------------------------------------------------------------------------------

Path Group    From Clock    To Clock    
----------    ----------    --------    
(none)                                    


------------------------------------------------------------------------------------------------
| Timing Details
| --------------
------------------------------------------------------------------------------------------------


--------------------------------------------------------------------------------------
Path Group:  (none)
From Clock:  
  To Clock:  

Max Delay            14 Endpoints
Min Delay            14 Endpoints
--------------------------------------------------------------------------------------


Max Delay Paths
--------------------------------------------------------------------------------------
Slack:                    inf
  Source:                 sw[9]
                            (input port)
  Destination:            led[1]
                            (output port)
  Path Group:             (none)
  Path Type:              Max at Slow Process Corner
  Data Path Delay:        12.926ns  (logic 5.230ns (40.461%)  route 7.696ns (59.539%))
  Logic Levels:           4  (IBUF=1 LUT5=1 LUT6=1 OBUF=1)

    Location             Delay type                Incr(ns)  Path(ns)    Netlist Resource(s)
  -------------------------------------------------------------------    -------------------
    T3                                                0.000     0.000 r  sw[9] (IN)
                         net (fo=0)                   0.000     0.000    sw[9]
    T3                   IBUF (Prop_ibuf_I_O)         1.452     1.452 r  sw_IBUF[9]_inst/O
                         net (fo=10, routed)          4.253     5.705    sw_IBUF[9]
    SLICE_X1Y18          LUT5 (Prop_lut5_I2_O)        0.124     5.829 r  led_OBUF[1]_inst_i_2/O
                         net (fo=3, routed)           0.687     6.516    led_OBUF[1]_inst_i_2_n_0
    SLICE_X1Y18          LUT6 (Prop_lut6_I4_O)        0.124     6.640 r  led_OBUF[1]_inst_i_1/O
                         net (fo=2, routed)           2.756     9.396    led_OBUF[1]
    E19                  OBUF (Prop_obuf_I_O)         3.530    12.926 r  led_OBUF[1]_inst/O
                         net (fo=0)                   0.000    12.926    led[1]
    E19                                                               r  led[1] (OUT)
  -------------------------------------------------------------------    -------------------

Slack:                    inf
  Source:                 sw[9]
                            (input port)
  Destination:            led[5]
                            (output port)
  Path Group:             (none)
  Path Type:              Max at Slow Process Corner
  Data Path Delay:        12.845ns  (logic 5.339ns (41.561%)  route 7.507ns (58.439%))
  Logic Levels:           5  (IBUF=1 LUT5=1 LUT6=2 OBUF=1)

    Location             Delay type                Incr(ns)  Path(ns)    Netlist Resource(s)
  -------------------------------------------------------------------    -------------------
    T3                                                0.000     0.000 r  sw[9] (IN)
                         net (fo=0)                   0.000     0.000    sw[9]
    T3                   IBUF (Prop_ibuf_I_O)         1.452     1.452 r  sw_IBUF[9]_inst/O
                         net (fo=10, routed)          4.379     5.831    sw_IBUF[9]
    SLICE_X0Y19          LUT5 (Prop_lut5_I4_O)        0.124     5.955 r  led_OBUF[5]_inst_i_5/O
                         net (fo=1, routed)           0.608     6.563    led_OBUF[5]_inst_i_5_n_0
    SLICE_X0Y18          LUT6 (Prop_lut6_I5_O)        0.124     6.687 r  led_OBUF[5]_inst_i_2/O
                         net (fo=2, routed)           0.441     7.128    dut/p_2_in
    SLICE_X0Y17          LUT6 (Prop_lut6_I4_O)        0.124     7.252 r  led_OBUF[5]_inst_i_1/O
                         net (fo=1, routed)           2.079     9.331    led_OBUF[5]
    U15                  OBUF (Prop_obuf_I_O)         3.514    12.845 r  led_OBUF[5]_inst/O
                         net (fo=0)                   0.000    12.845    led[5]
    U15                                                               r  led[5] (OUT)
  -------------------------------------------------------------------    -------------------

Slack:                    inf
  Source:                 sw[9]
                            (input port)
  Destination:            led[4]
                            (output port)
  Path Group:             (none)
  Path Type:              Max at Slow Process Corner
  Data Path Delay:        12.829ns  (logic 5.333ns (41.567%)  route 7.497ns (58.433%))
  Logic Levels:           5  (IBUF=1 LUT4=1 LUT5=1 LUT6=1 OBUF=1)

    Location             Delay type                Incr(ns)  Path(ns)    Netlist Resource(s)
  -------------------------------------------------------------------    -------------------
    T3                                                0.000     0.000 r  sw[9] (IN)
                         net (fo=0)                   0.000     0.000    sw[9]
    T3                   IBUF (Prop_ibuf_I_O)         1.452     1.452 r  sw_IBUF[9]_inst/O
                         net (fo=10, routed)          4.253     5.705    sw_IBUF[9]
    SLICE_X1Y18          LUT5 (Prop_lut5_I2_O)        0.124     5.829 r  led_OBUF[1]_inst_i_2/O
                         net (fo=3, routed)           0.687     6.516    led_OBUF[1]_inst_i_2_n_0
    SLICE_X1Y18          LUT6 (Prop_lut6_I4_O)        0.124     6.640 f  led_OBUF[1]_inst_i_1/O
                         net (fo=2, routed)           0.886     7.526    led_OBUF[1]
    SLICE_X0Y18          LUT4 (Prop_lut4_I2_O)        0.124     7.650 r  led_OBUF[4]_inst_i_1/O
                         net (fo=1, routed)           1.671     9.321    led_OBUF[4]
    W18                  OBUF (Prop_obuf_I_O)         3.509    12.829 r  led_OBUF[4]_inst/O
                         net (fo=0)                   0.000    12.829    led[4]
    W18                                                               r  led[4] (OUT)
  -------------------------------------------------------------------    -------------------

Slack:                    inf
  Source:                 sw[9]
                            (input port)
  Destination:            led[3]
                            (output port)
  Path Group:             (none)
  Path Type:              Max at Slow Process Corner
  Data Path Delay:        12.176ns  (logic 5.333ns (43.803%)  route 6.842ns (56.197%))
  Logic Levels:           5  (IBUF=1 LUT5=1 LUT6=2 OBUF=1)

    Location             Delay type                Incr(ns)  Path(ns)    Netlist Resource(s)
  -------------------------------------------------------------------    -------------------
    T3                                                0.000     0.000 r  sw[9] (IN)
                         net (fo=0)                   0.000     0.000    sw[9]
    T3                   IBUF (Prop_ibuf_I_O)         1.452     1.452 r  sw_IBUF[9]_inst/O
                         net (fo=10, routed)          4.379     5.831    sw_IBUF[9]
    SLICE_X0Y19          LUT5 (Prop_lut5_I4_O)        0.124     5.955 r  led_OBUF[5]_inst_i_5/O
                         net (fo=1, routed)           0.608     6.563    led_OBUF[5]_inst_i_5_n_0
    SLICE_X0Y18          LUT6 (Prop_lut6_I5_O)        0.124     6.687 r  led_OBUF[5]_inst_i_2/O
                         net (fo=2, routed)           0.171     6.858    dut/p_2_in
    SLICE_X0Y18          LUT6 (Prop_lut6_I4_O)        0.124     6.982 r  led_OBUF[3]_inst_i_1/O
                         net (fo=2, routed)           1.685     8.667    led_OBUF[3]
    V19                  OBUF (Prop_obuf_I_O)         3.509    12.176 r  led_OBUF[3]_inst/O
                         net (fo=0)                   0.000    12.176    led[3]
    V19                                                               r  led[3] (OUT)
  -------------------------------------------------------------------    -------------------

Slack:                    inf
  Source:                 sw[9]
                            (input port)
  Destination:            led[2]
                            (output port)
  Path Group:             (none)
  Path Type:              Max at Slow Process Corner
  Data Path Delay:        11.686ns  (logic 5.325ns (45.570%)  route 6.361ns (54.430%))
  Logic Levels:           5  (IBUF=1 LUT5=1 LUT6=2 OBUF=1)

    Location             Delay type                Incr(ns)  Path(ns)    Netlist Resource(s)
  -------------------------------------------------------------------    -------------------
    T3                                                0.000     0.000 r  sw[9] (IN)
                         net (fo=0)                   0.000     0.000    sw[9]
    T3                   IBUF (Prop_ibuf_I_O)         1.452     1.452 r  sw_IBUF[9]_inst/O
                         net (fo=10, routed)          4.253     5.705    sw_IBUF[9]
    SLICE_X1Y18          LUT5 (Prop_lut5_I2_O)        0.124     5.829 r  led_OBUF[1]_inst_i_2/O
                         net (fo=3, routed)           0.285     6.114    led_OBUF[1]_inst_i_2_n_0
    SLICE_X1Y18          LUT6 (Prop_lut6_I5_O)        0.124     6.238 r  led_OBUF[2]_inst_i_2/O
                         net (fo=1, routed)           0.151     6.389    led_OBUF[2]_inst_i_2_n_0
    SLICE_X1Y18          LUT6 (Prop_lut6_I4_O)        0.124     6.513 r  led_OBUF[2]_inst_i_1/O
                         net (fo=2, routed)           1.671     8.185    led_OBUF[2]
    U19                  OBUF (Prop_obuf_I_O)         3.501    11.686 r  led_OBUF[2]_inst/O
                         net (fo=0)                   0.000    11.686    led[2]
    U19                                                               r  led[2] (OUT)
  -------------------------------------------------------------------    -------------------

Slack:                    inf
  Source:                 sw[10]
                            (input port)
  Destination:            led[0]
                            (output port)
  Path Group:             (none)
  Path Type:              Max at Slow Process Corner
  Data Path Delay:        11.182ns  (logic 5.087ns (45.491%)  route 6.095ns (54.509%))
  Logic Levels:           3  (IBUF=1 LUT6=1 OBUF=1)

    Location             Delay type                Incr(ns)  Path(ns)    Netlist Resource(s)
  -------------------------------------------------------------------    -------------------
    T2                                                0.000     0.000 r  sw[10] (IN)
                         net (fo=0)                   0.000     0.000    sw[10]
    T2                   IBUF (Prop_ibuf_I_O)         1.458     1.458 r  sw_IBUF[10]_inst/O
                         net (fo=10, routed)          4.002     5.460    sw_IBUF[10]
    SLICE_X0Y17          LUT6 (Prop_lut6_I1_O)        0.124     5.584 r  led_OBUF[0]_inst_i_1/O
                         net (fo=2, routed)           2.093     7.677    led_OBUF[0]
    U16                  OBUF (Prop_obuf_I_O)         3.505    11.182 r  led_OBUF[0]_inst/O
                         net (fo=0)                   0.000    11.182    led[0]
    U16                                                               r  led[0] (OUT)
  -------------------------------------------------------------------    -------------------

Slack:                    inf
  Source:                 sw[6]
                            (input port)
  Destination:            led[12]
                            (output port)
  Path Group:             (none)
  Path Type:              Max at Slow Process Corner
  Data Path Delay:        11.058ns  (logic 4.968ns (44.927%)  route 6.090ns (55.073%))
  Logic Levels:           2  (IBUF=1 OBUF=1)

    Location             Delay type                Incr(ns)  Path(ns)    Netlist Resource(s)
  -------------------------------------------------------------------    -------------------
    W14                                               0.000     0.000 r  sw[6] (IN)
                         net (fo=0)                   0.000     0.000    sw[6]
    W14                  IBUF (Prop_ibuf_I_O)         1.450     1.450 r  sw_IBUF[6]_inst/O
                         net (fo=4, routed)           6.090     7.539    led_OBUF[12]
    P3                   OBUF (Prop_obuf_I_O)         3.518    11.058 r  led_OBUF[12]_inst/O
                         net (fo=0)                   0.000    11.058    led[12]
    P3                                                                r  led[12] (OUT)
  -------------------------------------------------------------------    -------------------

Slack:                    inf
  Source:                 sw[7]
                            (input port)
  Destination:            led[13]
                            (output port)
  Path Group:             (none)
  Path Type:              Max at Slow Process Corner
  Data Path Delay:        11.042ns  (logic 4.966ns (44.975%)  route 6.076ns (55.025%))
  Logic Levels:           2  (IBUF=1 OBUF=1)

    Location             Delay type                Incr(ns)  Path(ns)    Netlist Resource(s)
  -------------------------------------------------------------------    -------------------
    W13                                               0.000     0.000 r  sw[7] (IN)
                         net (fo=0)                   0.000     0.000    sw[7]
    W13                  IBUF (Prop_ibuf_I_O)         1.459     1.459 r  sw_IBUF[7]_inst/O
                         net (fo=5, routed)           6.076     7.535    led_OBUF[13]
    N3                   OBUF (Prop_obuf_I_O)         3.507    11.042 r  led_OBUF[13]_inst/O
                         net (fo=0)                   0.000    11.042    led[13]
    N3                                                                r  led[13] (OUT)
  -------------------------------------------------------------------    -------------------

Slack:                    inf
  Source:                 sw[4]
                            (input port)
  Destination:            led[10]
                            (output port)
  Path Group:             (none)
  Path Type:              Max at Slow Process Corner
  Data Path Delay:        10.065ns  (logic 4.976ns (49.438%)  route 5.089ns (50.562%))
  Logic Levels:           2  (IBUF=1 OBUF=1)

    Location             Delay type                Incr(ns)  Path(ns)    Netlist Resource(s)
  -------------------------------------------------------------------    -------------------
    W15                                               0.000     0.000 r  sw[4] (IN)
                         net (fo=0)                   0.000     0.000    sw[4]
    W15                  IBUF (Prop_ibuf_I_O)         1.451     1.451 r  sw_IBUF[4]_inst/O
                         net (fo=4, routed)           5.089     6.540    led_OBUF[10]
    W3                   OBUF (Prop_obuf_I_O)         3.525    10.065 r  led_OBUF[10]_inst/O
                         net (fo=0)                   0.000    10.065    led[10]
    W3                                                                r  led[10] (OUT)
  -------------------------------------------------------------------    -------------------

Slack:                    inf
  Source:                 sw[3]
                            (input port)
  Destination:            led[9]
                            (output port)
  Path Group:             (none)
  Path Type:              Max at Slow Process Corner
  Data Path Delay:        10.022ns  (logic 4.957ns (49.456%)  route 5.066ns (50.544%))
  Logic Levels:           2  (IBUF=1 OBUF=1)

    Location             Delay type                Incr(ns)  Path(ns)    Netlist Resource(s)
  -------------------------------------------------------------------    -------------------
    W17                                               0.000     0.000 r  sw[3] (IN)
                         net (fo=0)                   0.000     0.000    sw[3]
    W17                  IBUF (Prop_ibuf_I_O)         1.448     1.448 r  sw_IBUF[3]_inst/O
                         net (fo=5, routed)           5.066     6.514    led_OBUF[9]
    V3                   OBUF (Prop_obuf_I_O)         3.508    10.022 r  led_OBUF[9]_inst/O
                         net (fo=0)                   0.000    10.022    led[9]
    V3                                                                r  led[9] (OUT)
  -------------------------------------------------------------------    -------------------





Min Delay Paths
--------------------------------------------------------------------------------------
Slack:                    inf
  Source:                 sw[2]
                            (input port)
  Destination:            led[8]
                            (output port)
  Path Group:             (none)
  Path Type:              Min at Fast Process Corner
  Data Path Delay:        1.903ns  (logic 1.437ns (75.510%)  route 0.466ns (24.490%))
  Logic Levels:           2  (IBUF=1 OBUF=1)

    Location             Delay type                Incr(ns)  Path(ns)    Netlist Resource(s)
  -------------------------------------------------------------------    -------------------
    W16                                               0.000     0.000 r  sw[2] (IN)
                         net (fo=0)                   0.000     0.000    sw[2]
    W16                  IBUF (Prop_ibuf_I_O)         0.232     0.232 r  sw_IBUF[2]_inst/O
                         net (fo=4, routed)           0.466     0.698    led_OBUF[8]
    V13                  OBUF (Prop_obuf_I_O)         1.205     1.903 r  led_OBUF[8]_inst/O
                         net (fo=0)                   0.000     1.903    led[8]
    V13                                                               r  led[8] (OUT)
  -------------------------------------------------------------------    -------------------

Slack:                    inf
  Source:                 sw[0]
                            (input port)
  Destination:            led[6]
                            (output port)
  Path Group:             (none)
  Path Type:              Min at Fast Process Corner
  Data Path Delay:        1.978ns  (logic 1.428ns (72.214%)  route 0.550ns (27.786%))
  Logic Levels:           2  (IBUF=1 OBUF=1)

    Location             Delay type                Incr(ns)  Path(ns)    Netlist Resource(s)
  -------------------------------------------------------------------    -------------------
    V17                                               0.000     0.000 r  sw[0] (IN)
                         net (fo=0)                   0.000     0.000    sw[0]
    V17                  IBUF (Prop_ibuf_I_O)         0.221     0.221 r  sw_IBUF[0]_inst/O
                         net (fo=4, routed)           0.550     0.771    led_OBUF[6]
    U14                  OBUF (Prop_obuf_I_O)         1.207     1.978 r  led_OBUF[6]_inst/O
                         net (fo=0)                   0.000     1.978    led[6]
    U14                                                               r  led[6] (OUT)
  -------------------------------------------------------------------    -------------------

Slack:                    inf
  Source:                 sw[1]
                            (input port)
  Destination:            led[7]
                            (output port)
  Path Group:             (none)
  Path Type:              Min at Fast Process Corner
  Data Path Delay:        1.980ns  (logic 1.431ns (72.292%)  route 0.549ns (27.708%))
  Logic Levels:           2  (IBUF=1 OBUF=1)

    Location             Delay type                Incr(ns)  Path(ns)    Netlist Resource(s)
  -------------------------------------------------------------------    -------------------
    V16                                               0.000     0.000 r  sw[1] (IN)
                         net (fo=0)                   0.000     0.000    sw[1]
    V16                  IBUF (Prop_ibuf_I_O)         0.229     0.229 r  sw_IBUF[1]_inst/O
                         net (fo=5, routed)           0.549     0.778    led_OBUF[7]
    V14                  OBUF (Prop_obuf_I_O)         1.202     1.980 r  led_OBUF[7]_inst/O
                         net (fo=0)                   0.000     1.980    led[7]
    V14                                                               r  led[7] (OUT)
  -------------------------------------------------------------------    -------------------

Slack:                    inf
  Source:                 sw[7]
                            (input port)
  Destination:            led[3]
                            (output port)
  Path Group:             (none)
  Path Type:              Min at Fast Process Corner
  Data Path Delay:        2.362ns  (logic 1.482ns (62.750%)  route 0.880ns (37.250%))
  Logic Levels:           3  (IBUF=1 LUT6=1 OBUF=1)

    Location             Delay type                Incr(ns)  Path(ns)    Netlist Resource(s)
  -------------------------------------------------------------------    -------------------
    W13                                               0.000     0.000 r  sw[7] (IN)
                         net (fo=0)                   0.000     0.000    sw[7]
    W13                  IBUF (Prop_ibuf_I_O)         0.227     0.227 r  sw_IBUF[7]_inst/O
                         net (fo=5, routed)           0.544     0.771    led_OBUF[13]
    SLICE_X0Y18          LUT6 (Prop_lut6_I0_O)        0.045     0.816 r  led_OBUF[3]_inst_i_1/O
                         net (fo=2, routed)           0.336     1.152    led_OBUF[3]
    V19                  OBUF (Prop_obuf_I_O)         1.210     2.362 r  led_OBUF[3]_inst/O
                         net (fo=0)                   0.000     2.362    led[3]
    V19                                                               r  led[3] (OUT)
  -------------------------------------------------------------------    -------------------

Slack:                    inf
  Source:                 sw[2]
                            (input port)
  Destination:            led[2]
                            (output port)
  Path Group:             (none)
  Path Type:              Min at Fast Process Corner
  Data Path Delay:        2.388ns  (logic 1.479ns (61.943%)  route 0.909ns (38.056%))
  Logic Levels:           3  (IBUF=1 LUT6=1 OBUF=1)

    Location             Delay type                Incr(ns)  Path(ns)    Netlist Resource(s)
  -------------------------------------------------------------------    -------------------
    W16                                               0.000     0.000 r  sw[2] (IN)
                         net (fo=0)                   0.000     0.000    sw[2]
    W16                  IBUF (Prop_ibuf_I_O)         0.232     0.232 r  sw_IBUF[2]_inst/O
                         net (fo=4, routed)           0.566     0.798    led_OBUF[8]
    SLICE_X1Y18          LUT6 (Prop_lut6_I2_O)        0.045     0.843 r  led_OBUF[2]_inst_i_1/O
                         net (fo=2, routed)           0.342     1.185    led_OBUF[2]
    U19                  OBUF (Prop_obuf_I_O)         1.202     2.388 r  led_OBUF[2]_inst/O
                         net (fo=0)                   0.000     2.388    led[2]
    U19                                                               r  led[2] (OUT)
  -------------------------------------------------------------------    -------------------

Slack:                    inf
  Source:                 sw[7]
                            (input port)
  Destination:            led[4]
                            (output port)
  Path Group:             (none)
  Path Type:              Min at Fast Process Corner
  Data Path Delay:        2.481ns  (logic 1.527ns (61.544%)  route 0.954ns (38.456%))
  Logic Levels:           4  (IBUF=1 LUT4=1 LUT6=1 OBUF=1)

    Location             Delay type                Incr(ns)  Path(ns)    Netlist Resource(s)
  -------------------------------------------------------------------    -------------------
    W13                                               0.000     0.000 r  sw[7] (IN)
                         net (fo=0)                   0.000     0.000    sw[7]
    W13                  IBUF (Prop_ibuf_I_O)         0.227     0.227 r  sw_IBUF[7]_inst/O
                         net (fo=5, routed)           0.544     0.771    led_OBUF[13]
    SLICE_X0Y18          LUT6 (Prop_lut6_I0_O)        0.045     0.816 f  led_OBUF[3]_inst_i_1/O
                         net (fo=2, routed)           0.071     0.887    led_OBUF[3]
    SLICE_X0Y18          LUT4 (Prop_lut4_I1_O)        0.045     0.932 r  led_OBUF[4]_inst_i_1/O
                         net (fo=1, routed)           0.339     1.271    led_OBUF[4]
    W18                  OBUF (Prop_obuf_I_O)         1.210     2.481 r  led_OBUF[4]_inst/O
                         net (fo=0)                   0.000     2.481    led[4]
    W18                                                               r  led[4] (OUT)
  -------------------------------------------------------------------    -------------------

Slack:                    inf
  Source:                 sw[0]
                            (input port)
  Destination:            led[0]
                            (output port)
  Path Group:             (none)
  Path Type:              Min at Fast Process Corner
  Data Path Delay:        2.526ns  (logic 1.472ns (58.279%)  route 1.054ns (41.721%))
  Logic Levels:           3  (IBUF=1 LUT6=1 OBUF=1)

    Location             Delay type                Incr(ns)  Path(ns)    Netlist Resource(s)
  -------------------------------------------------------------------    -------------------
    V17                                               0.000     0.000 r  sw[0] (IN)
                         net (fo=0)                   0.000     0.000    sw[0]
    V17                  IBUF (Prop_ibuf_I_O)         0.221     0.221 r  sw_IBUF[0]_inst/O
                         net (fo=4, routed)           0.529     0.750    led_OBUF[6]
    SLICE_X0Y17          LUT6 (Prop_lut6_I5_O)        0.045     0.795 r  led_OBUF[0]_inst_i_1/O
                         net (fo=2, routed)           0.524     1.320    led_OBUF[0]
    U16                  OBUF (Prop_obuf_I_O)         1.206     2.526 r  led_OBUF[0]_inst/O
                         net (fo=0)                   0.000     2.526    led[0]
    U16                                                               r  led[0] (OUT)
  -------------------------------------------------------------------    -------------------

Slack:                    inf
  Source:                 sw[7]
                            (input port)
  Destination:            led[5]
                            (output port)
  Path Group:             (none)
  Path Type:              Min at Fast Process Corner
  Data Path Delay:        2.549ns  (logic 1.487ns (58.358%)  route 1.061ns (41.642%))
  Logic Levels:           3  (IBUF=1 LUT6=1 OBUF=1)

    Location             Delay type                Incr(ns)  Path(ns)    Netlist Resource(s)
  -------------------------------------------------------------------    -------------------
    W13                                               0.000     0.000 r  sw[7] (IN)
                         net (fo=0)                   0.000     0.000    sw[7]
    W13                  IBUF (Prop_ibuf_I_O)         0.227     0.227 r  sw_IBUF[7]_inst/O
                         net (fo=5, routed)           0.563     0.789    led_OBUF[13]
    SLICE_X0Y17          LUT6 (Prop_lut6_I3_O)        0.045     0.834 r  led_OBUF[5]_inst_i_1/O
                         net (fo=1, routed)           0.499     1.333    led_OBUF[5]
    U15                  OBUF (Prop_obuf_I_O)         1.216     2.549 r  led_OBUF[5]_inst/O
                         net (fo=0)                   0.000     2.549    led[5]
    U15                                                               r  led[5] (OUT)
  -------------------------------------------------------------------    -------------------

Slack:                    inf
  Source:                 sw[1]
                            (input port)
  Destination:            led[1]
                            (output port)
  Path Group:             (none)
  Path Type:              Min at Fast Process Corner
  Data Path Delay:        2.813ns  (logic 1.505ns (53.500%)  route 1.308ns (46.500%))
  Logic Levels:           3  (IBUF=1 LUT6=1 OBUF=1)

    Location             Delay type                Incr(ns)  Path(ns)    Netlist Resource(s)
  -------------------------------------------------------------------    -------------------
    V16                                               0.000     0.000 r  sw[1] (IN)
                         net (fo=0)                   0.000     0.000    sw[1]
    V16                  IBUF (Prop_ibuf_I_O)         0.229     0.229 r  sw_IBUF[1]_inst/O
                         net (fo=5, routed)           0.506     0.735    led_OBUF[7]
    SLICE_X1Y18          LUT6 (Prop_lut6_I2_O)        0.045     0.780 r  led_OBUF[1]_inst_i_1/O
                         net (fo=2, routed)           0.802     1.582    led_OBUF[1]
    E19                  OBUF (Prop_obuf_I_O)         1.231     2.813 r  led_OBUF[1]_inst/O
                         net (fo=0)                   0.000     2.813    led[1]
    E19                                                               r  led[1] (OUT)
  -------------------------------------------------------------------    -------------------

Slack:                    inf
  Source:                 sw[5]
                            (input port)
  Destination:            led[11]
                            (output port)
  Path Group:             (none)
  Path Type:              Min at Fast Process Corner
  Data Path Delay:        3.274ns  (logic 1.439ns (43.945%)  route 1.835ns (56.055%))
  Logic Levels:           2  (IBUF=1 OBUF=1)

    Location             Delay type                Incr(ns)  Path(ns)    Netlist Resource(s)
  -------------------------------------------------------------------    -------------------
    V15                                               0.000     0.000 r  sw[5] (IN)
                         net (fo=0)                   0.000     0.000    sw[5]
    V15                  IBUF (Prop_ibuf_I_O)         0.234     0.234 r  sw_IBUF[5]_inst/O
                         net (fo=5, routed)           1.835     2.069    led_OBUF[11]
    U3                   OBUF (Prop_obuf_I_O)         1.205     3.274 r  led_OBUF[11]_inst/O
                         net (fo=0)                   0.000     3.274    led[11]
    U3                                                                r  led[11] (OUT)
  -------------------------------------------------------------------    -------------------





