Vivado Simulator v2023.2
Copyright 1986-2022 Xilinx, Inc. All Rights Reserved.
Copyright 2022-2023 Advanced Micro Devices, Inc. All Rights Reserved.
Running: C:/Xilinx/Vivado/2023.2/bin/unwrapped/win64.o/xelab.exe --incr --debug typical --relax --mt 2 -L xil_defaultlib -L unisims_ver -L unimacro_ver -L secureip --snapshot top_basys3_alu4_tb_behav xil_defaultlib.top_basys3_alu4_tb xil_defaultlib.glbl -log elaborate.log 
Using 2 slave threads.
Starting static elaboration
Pass Through NonSizing Optimizer
Completed static elaboration
Starting simulation data flow analysis
WARNING: [XSIM 43-4099] "F:/Vivado/Lab 7/project_1.srcs/sources_1/new/TopALU4.v" Line 1. Module top_basys3_alu4 doesn't have a timescale but at least one module in design has a timescale.
WARNING: [XSIM 43-4099] "F:/Vivado/Lab 7/project_1.srcs/sources_1/new/ALU4.v" Line 1. Module alu4 doesn't have a timescale but at least one module in design has a timescale.
WARNING: [XSIM 43-4099] "F:/Vivado/Lab 7/project_1.srcs/sources_1/new/TopALU4.v" Line 1. Module top_basys3_alu4 doesn't have a timescale but at least one module in design has a timescale.
WARNING: [XSIM 43-4099] "F:/Vivado/Lab 7/project_1.srcs/sources_1/new/ALU4.v" Line 1. Module alu4 doesn't have a timescale but at least one module in design has a timescale.
Completed simulation data flow analysis
Time Resolution for simulation is 1ps
Compiling module xil_defaultlib.alu4
Compiling module xil_defaultlib.top_basys3_alu4
Compiling module xil_defaultlib.top_basys3_alu4_tb
Compiling module xil_defaultlib.glbl
Built simulation snapshot top_basys3_alu4_tb_behav
